2026-05-25 16:56:42,587|INFO|payments|Starting payment for user 123
2026-05-25 16:56:42,587|INFO|payments|Payment of 10 completed for user 123
2026-05-25 16:57:24,469|INFO|payments|Starting payment for user 123
2026-05-25 16:57:24,469|ERROR|payments|ERROR: Invalid amount
2026-05-25 16:58:20,621|INFO|payments|Starting payment for user 123
2026-05-25 16:58:20,621|WARNING|payments|WARNING: Large transaction
2026-05-25 16:58:20,621|INFO|payments|Payment of 7589548 completed for user 123
2026-05-25 17:11:50,864|DEBUG|payments|the func trying to open a file by name aba.txt
2026-05-25 17:11:50,864|ERROR|payments|the func filed to open the file aba.txt
Traceback (most recent call last):
  File "c:\Users\user1\OneDrive\שולחן העבודה\kodcod_git\week_7\loging\loging.py", line 35, in read_config
    with open(filepath) as f:
         ~~~~^^^^^^^^^^
FileNotFoundError: [Errno 2] No such file or directory: 'aba.txt'
2026-05-25 17:12:36,771|DEBUG|payments|the func trying to open a file by name payment.log
2026-05-26 08:40:55,321|INFO|Building_logger|start to build
2026-05-26 08:40:55,322|WARNING|Building_logger|the build is slow
2026-05-26 08:40:55,322|ERROR|Building_logger|the build failed
2026-05-26 08:41:29,292|INFO|Building_logger|start to build
2026-05-26 08:41:29,293|WARNING|Building_logger|the build is slow
2026-05-26 08:41:29,293|ERROR|Building_logger|the build failed
2026-05-26 08:42:13,108|INFO|Building_logger|start to build
2026-05-26 08:42:13,108|WARNING|Building_logger|the build is slow
2026-05-26 08:42:13,108|ERROR|Building_logger|the build failed
2026-05-26 08:42:35,724|INFO|Building_logger|start to build
2026-05-26 08:42:35,725|WARNING|Building_logger|the build is slow
2026-05-26 08:42:35,725|ERROR|Building_logger|the build failed
2026-05-26 08:51:41,338|INFO|Building_logger|start to build
2026-05-26 08:51:41,339|WARNING|Building_logger|the build is slow
2026-05-26 08:51:41,339|ERROR|Building_logger|the build failed
